<?xml version="1.0" encoding="UTF-8"?>
<testng-results skipped="0" failed="0" ignored="0" total="2" passed="2">
  <reporter-output>
  </reporter-output>
  <suite name="Suite" duration-ms="32539" started-at="2020-09-09T13:06:24Z" finished-at="2020-09-09T13:06:57Z">
    <groups>
    </groups>
    <test name="Test" duration-ms="32539" started-at="2020-09-09T13:06:24Z" finished-at="2020-09-09T13:06:57Z">
      <class name="com.jenkins.practice.LoginTest">
        <test-method status="PASS" signature="setUp()[pri:0, instance:com.jenkins.practice.LoginTest@691a7f8f]" name="setUp" is-config="true" duration-ms="13782" started-at="2020-09-09T13:06:24Z" finished-at="2020-09-09T13:06:38Z">
          <reporter-output>
          </reporter-output>
        </test-method> <!-- setUp -->
        <test-method status="PASS" signature="login1()[pri:0, instance:com.jenkins.practice.LoginTest@691a7f8f]" name="login1" duration-ms="3749" started-at="2020-09-09T13:06:38Z" finished-at="2020-09-09T13:06:42Z">
          <reporter-output>
          </reporter-output>
        </test-method> <!-- login1 -->
        <test-method status="PASS" signature="setUp()[pri:0, instance:com.jenkins.practice.LoginTest@691a7f8f]" name="setUp" is-config="true" duration-ms="11539" started-at="2020-09-09T13:06:42Z" finished-at="2020-09-09T13:06:53Z">
          <reporter-output>
          </reporter-output>
        </test-method> <!-- setUp -->
        <test-method status="PASS" signature="login2()[pri:0, instance:com.jenkins.practice.LoginTest@691a7f8f]" name="login2" duration-ms="3404" started-at="2020-09-09T13:06:53Z" finished-at="2020-09-09T13:06:57Z">
          <reporter-output>
          </reporter-output>
        </test-method> <!-- login2 -->
      </class> <!-- com.jenkins.practice.LoginTest -->
    </test> <!-- Test -->
  </suite> <!-- Suite -->
</testng-results>
