<?xml version="1.0" encoding="UTF-8"?>
<testng-results skipped="0" failed="0" ignored="0" total="1" passed="1">
  <reporter-output>
  </reporter-output>
  <suite name="Default suite" duration-ms="16746" started-at="2020-09-09T10:41:24Z" finished-at="2020-09-09T10:41:41Z">
    <groups>
    </groups>
    <test name="Default test" duration-ms="16746" started-at="2020-09-09T10:41:24Z" finished-at="2020-09-09T10:41:41Z">
      <class name="com.jenkins.practice.LoginTest">
        <test-method status="PASS" signature="setUp()[pri:0, instance:com.jenkins.practice.LoginTest@691a7f8f]" name="setUp" is-config="true" duration-ms="14796" started-at="2020-09-09T10:41:24Z" finished-at="2020-09-09T10:41:39Z">
          <reporter-output>
          </reporter-output>
        </test-method> <!-- setUp -->
        <test-method status="PASS" signature="login1()[pri:0, instance:com.jenkins.practice.LoginTest@691a7f8f]" name="login1" duration-ms="1905" started-at="2020-09-09T10:41:39Z" finished-at="2020-09-09T10:41:41Z">
          <reporter-output>
          </reporter-output>
        </test-method> <!-- login1 -->
      </class> <!-- com.jenkins.practice.LoginTest -->
    </test> <!-- Default test -->
  </suite> <!-- Default suite -->
</testng-results>
